#
# An unexpected error has been detected by Java Runtime Environment:
#
#  Internal Error (klassVtable.cpp:902), pid=1152, tid=208
#  Error: guarantee(ioe->interface_klass() == 0 && ioe->offset() == 0,"terminator entry missing")
#
# Java VM: Java HotSpot(TM) Client VM (11.3-b02 mixed mode, sharing windows-x86)
# If you would like to submit a bug report, please visit:
#   http://java.sun.com/webapps/bugreport/crash.jsp
#

---------------  T H R E A D  ---------------

Current thread (0x02b1c400):  JavaThread "AWT-EventQueue-0" [_thread_in_vm, id=208, stack(0x02f80000,0x02fd0000)]

Stack: [0x02f80000,0x02fd0000]
[error occurred during error reporting (printing stack bounds), id 0xc0000005]

Java frames: (J=compiled Java code, j=interpreted, Vv=VM code)
j  javax.swing.JInternalFrame.<init>(Ljava/lang/String;ZZZZ)V+106
j  javax.swing.JInternalFrame.<init>()V+7
j  client.Registration.<init>()V+1
j  client.ClientView.jButton2ActionPerformed(Ljava/awt/event/ActionEvent;)V+4
j  client.ClientView.access$900(Lclient/ClientView;Ljava/awt/event/ActionEvent;)V+2
j  client.ClientView$5.actionPerformed(Ljava/awt/event/ActionEvent;)V+5
j  javax.swing.AbstractButton.fireActionPerformed(Ljava/awt/event/ActionEvent;)V+84
j  javax.swing.AbstractButton$Handler.actionPerformed(Ljava/awt/event/ActionEvent;)V+5
j  javax.swing.DefaultButtonModel.fireActionPerformed(Ljava/awt/event/ActionEvent;)V+35
j  javax.swing.DefaultButtonModel.setPressed(Z)V+117
j  javax.swing.plaf.basic.BasicButtonListener.mouseReleased(Ljava/awt/event/MouseEvent;)V+35
j  java.awt.Component.processMouseEvent(Ljava/awt/event/MouseEvent;)V+64
j  javax.swing.JComponent.processMouseEvent(Ljava/awt/event/MouseEvent;)V+23
j  java.awt.Component.processEvent(Ljava/awt/AWTEvent;)V+81
j  java.awt.Container.processEvent(Ljava/awt/AWTEvent;)V+18
j  java.awt.Component.dispatchEventImpl(Ljava/awt/AWTEvent;)V+562
j  java.awt.Container.dispatchEventImpl(Ljava/awt/AWTEvent;)V+42
j  java.awt.Component.dispatchEvent(Ljava/awt/AWTEvent;)V+2
j  java.awt.LightweightDispatcher.retargetMouseEvent(Ljava/awt/Component;ILjava/awt/event/MouseEvent;)V+320
j  java.awt.LightweightDispatcher.processMouseEvent(Ljava/awt/event/MouseEvent;)Z+139
j  java.awt.LightweightDispatcher.dispatchEvent(Ljava/awt/AWTEvent;)Z+50
j  java.awt.Container.dispatchEventImpl(Ljava/awt/AWTEvent;)V+12
j  java.awt.Window.dispatchEventImpl(Ljava/awt/AWTEvent;)V+19
j  java.awt.Component.dispatchEvent(Ljava/awt/AWTEvent;)V+2
j  java.awt.EventQueue.dispatchEvent(Ljava/awt/AWTEvent;)V+46
j  java.awt.EventDispatchThread.pumpOneEventForFilters(I)Z+204
j  java.awt.EventDispatchThread.pumpEventsForFilter(ILjava/awt/Conditional;Ljava/awt/EventFilter;)V+30
j  java.awt.EventDispatchThread.pumpEventsForHierarchy(ILjava/awt/Conditional;Ljava/awt/Component;)V+11
j  java.awt.EventDispatchThread.pumpEvents(ILjava/awt/Conditional;)V+4
j  java.awt.EventDispatchThread.pumpEvents(Ljava/awt/Conditional;)V+3
j  java.awt.EventDispatchThread.run()V+9
v  ~StubRoutines::call_stub

---------------  P R O C E S S  ---------------

Java Threads: ( => current thread )
  0x03098800 JavaThread "Image Fetcher 1" daemon [_thread_blocked, id=800, stack(0x03af0000,0x03b40000)]
  0x02b3ec00 JavaThread "Image Fetcher 0" daemon [_thread_blocked, id=204, stack(0x031d0000,0x03220000)]
  0x002a6800 JavaThread "DestroyJavaVM" [_thread_blocked, id=2132, stack(0x008c0000,0x00910000)]
=>0x02b1c400 JavaThread "AWT-EventQueue-0" [_thread_in_vm, id=208, stack(0x02f80000,0x02fd0000)]
  0x02b1ac00 JavaThread "AWT-Windows" daemon [_thread_in_native, id=276, stack(0x02ef0000,0x02f40000)]
  0x02b19800 JavaThread "AWT-Shutdown" [_thread_blocked, id=1188, stack(0x02ea0000,0x02ef0000)]
  0x02ae4400 JavaThread "Java2D Disposer" daemon [_thread_blocked, id=472, stack(0x02e50000,0x02ea0000)]
  0x02aab000 JavaThread "Low Memory Detector" daemon [_thread_blocked, id=1148, stack(0x02d20000,0x02d70000)]
  0x02aa5000 JavaThread "CompilerThread0" daemon [_thread_blocked, id=280, stack(0x02cd0000,0x02d20000)]
  0x02aa3800 JavaThread "Attach Listener" daemon [_thread_blocked, id=1200, stack(0x02c80000,0x02cd0000)]
  0x02aa2400 JavaThread "Signal Dispatcher" daemon [_thread_blocked, id=2168, stack(0x02c30000,0x02c80000)]
  0x02a60400 JavaThread "Finalizer" daemon [_thread_blocked, id=1196, stack(0x02be0000,0x02c30000)]
  0x02a5f000 JavaThread "Reference Handler" daemon [_thread_blocked, id=2212, stack(0x02b90000,0x02be0000)]

Other Threads:
  0x02a5d800 VMThread [stack: 0x02b40000,0x02b90000] [id=588]
  0x02ab5000 WatcherThread [stack: 0x02d70000,0x02dc0000] [id=1036]

VM state:not at safepoint (normal execution)

VM Mutex/Monitor currently owned by a thread: None

Heap
 def new generation   total 960K, used 900K [0x22970000, 0x22a70000, 0x22e50000)
  eden space 896K,  93% used [0x22970000, 0x22a41260, 0x22a50000)
  from space 64K, 100% used [0x22a60000, 0x22a70000, 0x22a70000)
  to   space 64K,   0% used [0x22a50000, 0x22a50000, 0x22a60000)
 tenured generation   total 4096K, used 3905K [0x22e50000, 0x23250000, 0x26970000)
   the space 4096K,  95% used [0x22e50000, 0x232207d8, 0x23220800, 0x23250000)
 compacting perm gen  total 12288K, used 1974K [0x26970000, 0x27570000, 0x2a970000)
   the space 12288K,  16% used [0x26970000, 0x26b5d818, 0x26b5da00, 0x27570000)
    ro space 8192K,  67% used [0x2a970000, 0x2aed7ea8, 0x2aed8000, 0x2b170000)
    rw space 12288K,  53% used [0x2b170000, 0x2b7e5530, 0x2b7e5600, 0x2bd70000)

Dynamic libraries:
0x00400000 - 0x00424000 	C:\Program Files\Java\jdk1.6.0_13\bin\java.exe
0x7c900000 - 0x7c9ae000 	C:\WINDOWS\system32\ntdll.dll
0x7c800000 - 0x7c8f2000 	C:\WINDOWS\system32\kernel32.dll
0x77cc0000 - 0x77d5b000 	C:\WINDOWS\system32\ADVAPI32.dll
0x77e00000 - 0x77e93000 	C:\WINDOWS\system32\RPCRT4.dll
0x7c340000 - 0x7c396000 	C:\Program Files\Java\jdk1.6.0_13\jre\bin\msvcr71.dll
0x6d8b0000 - 0x6db06000 	C:\Program Files\Java\jdk1.6.0_13\jre\bin\client\jvm.dll
0x77d60000 - 0x77df1000 	C:\WINDOWS\system32\USER32.dll
0x77ea0000 - 0x77ee5000 	C:\WINDOWS\system32\GDI32.dll
0x76b40000 - 0x76b6d000 	C:\WINDOWS\system32\WINMM.dll
0x6d340000 - 0x6d348000 	C:\Program Files\Java\jdk1.6.0_13\jre\bin\hpi.dll
0x76bf0000 - 0x76bfb000 	C:\WINDOWS\system32\PSAPI.DLL
0x6d860000 - 0x6d86c000 	C:\Program Files\Java\jdk1.6.0_13\jre\bin\verify.dll
0x6d3e0000 - 0x6d3ff000 	C:\Program Files\Java\jdk1.6.0_13\jre\bin\java.dll
0x6d8a0000 - 0x6d8af000 	C:\Program Files\Java\jdk1.6.0_13\jre\bin\zip.dll
0x6d0b0000 - 0x6d1fa000 	C:\Program Files\Java\jdk1.6.0_13\jre\bin\awt.dll
0x73000000 - 0x73026000 	C:\WINDOWS\system32\WINSPOOL.DRV
0x77c10000 - 0x77c68000 	C:\WINDOWS\system32\msvcrt.dll
0x76390000 - 0x763ad000 	C:\WINDOWS\system32\IMM32.dll
0x77a50000 - 0x77b8d000 	C:\WINDOWS\system32\ole32.dll
0x4ce00000 - 0x4cf02000 	C:\WINDOWS\WinSxS\x86_Microsoft.Windows.Common-Controls_6595b64144ccf1df_6.0.2600.2149_x-ww_a84b1f06\comctl32.dll
0x779d0000 - 0x77a46000 	C:\WINDOWS\system32\SHLWAPI.dll
0x5ad70000 - 0x5ada7000 	C:\WINDOWS\system32\uxtheme.dll
0x74720000 - 0x7476b000 	C:\WINDOWS\system32\MSCTF.dll
0x771b0000 - 0x779c4000 	C:\WINDOWS\system32\shell32.dll
0x6d2e0000 - 0x6d334000 	C:\Program Files\Java\jdk1.6.0_13\jre\bin\fontmanager.dll
0x6d6c0000 - 0x6d6d3000 	C:\Program Files\Java\jdk1.6.0_13\jre\bin\net.dll
0x71ab0000 - 0x71ac7000 	C:\WINDOWS\system32\WS2_32.dll
0x71aa0000 - 0x71aa8000 	C:\WINDOWS\system32\WS2HELP.dll
0x6d6e0000 - 0x6d6e9000 	C:\Program Files\Java\jdk1.6.0_13\jre\bin\nio.dll

VM Arguments:
jvm_args: -Dfile.encoding=UTF-8 
java_command: client.ClientApp
Launcher Type: SUN_STANDARD

Environment Variables:
CLASSPATH=C:\bea\weblogic81\server\lib\weblogic.jar;
PATH=C:\WINDOWS\system32;C:\WINDOWS;C:\WINDOWS\System32\Wbem;C:\Program Files\MySQL\MySQL Server 5.1\bin;C:\bea\jdk141_02\bin;
USERNAME=Anand Shankar
OS=Windows_NT
PROCESSOR_IDENTIFIER=x86 Family 6 Model 15 Stepping 13, GenuineIntel



---------------  S Y S T E M  ---------------

OS: Windows XP Build 2600 Service Pack 2, v.2149

CPU:total 2 (2 cores per cpu, 1 threads per core) family 6 model 15 stepping 13, cmov, cx8, fxsr, mmx, sse, sse2, sse3, ssse3

Memory: 4k page, physical 1039852k(254056k free), swap 2501388k(1763788k free)

vm_info: Java HotSpot(TM) Client VM (11.3-b02) for windows-x86 JRE (1.6.0_13-b03), built on Mar  9 2009 01:15:24 by "java_re" with MS VC++ 7.1

time: Sun Sep 27 08:50:16 2009
elapsed time: 2 seconds

